<?xml version="1.0" encoding="UTF-8"?>
<testsuite xmlns:xsi="http://www.w3.org/2001/XMLSchema-instance" xsi:noNamespaceSchemaLocation="https://maven.apache.org/surefire/maven-surefire-plugin/xsd/surefire-test-report-3.0.xsd" version="3.0" name="sudoku.integration.GameFlowTest" time="0.055" tests="2" errors="0" skipped="0" failures="0">
  <properties>
[...]
</properties>
  <testcase name="shouldCompleteGameFlow" classname="sudoku.integration.GameFlowTest" time="0.035"/>
  <testcase name="shouldNotBreakOnInvalidMoves" classname="sudoku.integration.GameFlowTest" time="0.002"/>
</testsuite>